[02:46:41] Command line: 
[02:46:41] /console /nonetwork TempelRun.c4s
[02:46:41] Clonk Rage 
[02:46:41] Version: 4.9.10.7 [330]  win32
[02:46:41] No valid key file found.
[02:46:42] Grafik wird geladen...
[02:46:42] Command line: 
[02:46:42] /console /nonetwork TempelRun.c4s
[02:46:42] Grafik wird geladen...
[02:46:42] Szenario: TempelRun.c4s
[02:46:42] Szenario benutzt vorgegebene Objektdefinitionen.
[02:46:42] Extras werden geladen...
[02:46:42] Grafik wird geladen...
[02:46:43] Objektdefinitionen werden geladen:
[02:46:43] Objects.c4d...
[02:46:43]   345 Definitionen geladen.
[02:46:43] Knights.c4d...
[02:46:43]   126 Definitionen geladen.
[02:46:43] KnightsPlus.c4d...
[02:46:43] WARNING: Unexpected value "StartCall"! (in section "Action", after line 185, KnightsPlus.c4d\Living.c4d\Knight.c4d\ActMap.txt)
[02:46:44] KnightsPlus.c4d\Rules.c4d\CrystalClear.c4d\Script.c: string table entry not found: "MsgMonstersKilled"
[02:46:44] KnightsPlus.c4d\Rules.c4d\CrystalClear.c4d\Script.c: string table entry not found: "MsgEggLeft"
[02:46:44] KnightsPlus.c4d\Rules.c4d\CrystalClear.c4d\Script.c: string table entry not found: "MsgEggsLeft"
[02:46:44] KnightsPlus.c4d\Rules.c4d\CrystalClear.c4d\Script.c: string table entry not found: "MsgMonsterLeft"
[02:46:44] KnightsPlus.c4d\Rules.c4d\CrystalClear.c4d\Script.c: string table entry not found: "MsgMonstersLeft"
[02:46:44] KnightsPlus.c4d\Rules.c4d\CrystalClear.c4d\Script.c: string table entry not found: "MsgEggMonstersLeft"
[02:46:44] KnightsPlus.c4d\Rules.c4d\CrystalClear.c4d\Script.c: string table entry not found: "MsgEggsMonstersLeft"
[02:46:44]   111 Definitionen geladen.
[02:46:44] Zombieland.c4d...
[02:46:44]   21 Definitionen geladen.
[02:46:44] Zombiesounds2.c4d...
[02:46:44]   0 Definitionen geladen.
[02:46:44] TempelRun.c4s...
[02:46:44]   36 Definitionen geladen.
[02:46:44] WARNING: Error getting Action Store: StartCall function 'StoreOpen' (KnightsPlus.c4d\Structural.c4d\Coach.c4d\Script.c)
[02:46:44] C4AulScriptEngine linked - 43730 lines, 1 warning, 0 errors
[02:46:44] Texturtabelle mit 88 Einträgen geladen.
[02:46:44] 31 Texturen geladen.
[02:46:44] 25 Materialien geladen.
[02:46:45] Erstellung der Landschaft...
[02:46:45] 188 Objekte platziert.
[02:46:45] Lokale Musikdatei: TempelRun.c4s\Music.c4g
[02:46:45] Network: Synchronization (Frame 0) [PlrSave: 0]
[02:46:45] Spiel gestartet.
[02:49:01] -> Statue::SetR(-20)
[02:49:01]  = true
[02:49:26] Spiel deinitialisiert.
[02:49:26] Engine heruntergefahren.
